<?xml version="1.0" encoding="UTF-8"?>
<testng-results ignored="0" total="1" passed="1" failed="0" skipped="0">
  <reporter-output>
  </reporter-output>
  <suite started-at="2021-12-14T23:33:15 IST" name="Default suite" finished-at="2021-12-14T23:33:54 IST" duration-ms="39324">
    <groups>
      <group name="cucumber">
        <method signature="AbstractTestNGCucumberTests.runScenario(io.cucumber.testng.PickleWrapper, io.cucumber.testng.FeatureWrapper)[pri:0, instance:runnerfiles.TestRunner@3c22fc4c]" name="runScenario" class="io.cucumber.testng.AbstractTestNGCucumberTests"/>
      </group> <!-- cucumber -->
    </groups>
    <test started-at="2021-12-14T23:33:15 IST" name="Default test" finished-at="2021-12-14T23:33:54 IST" duration-ms="39324">
      <class name="runnerfiles.TestRunner">
        <test-method is-config="true" signature="setUpClass(org.testng.ITestContext)[pri:0, instance:runnerfiles.TestRunner@3c22fc4c]" started-at="2021-12-14T23:33:15 IST" name="setUpClass" finished-at="2021-12-14T23:33:15 IST" duration-ms="505" status="PASS">
          <params>
            <param index="0">
              <value>
                <![CDATA[org.testng.TestRunner@74ecacc3]]>
              </value>
            </param>
          </params>
          <reporter-output>
          </reporter-output>
        </test-method> <!-- setUpClass -->
        <test-method signature="runScenario(io.cucumber.testng.PickleWrapper, io.cucumber.testng.FeatureWrapper)[pri:0, instance:runnerfiles.TestRunner@3c22fc4c]" started-at="2021-12-14T23:33:15 IST" name="runScenario" description="Runs Cucumber Scenarios" data-provider="scenarios" finished-at="2021-12-14T23:33:54 IST" duration-ms="38715" status="PASS">
          <params>
            <param index="0">
              <value>
                <![CDATA["To Login Sucesfully to guruportal"]]>
              </value>
            </param>
            <param index="1">
              <value>
                <![CDATA["Optional[Demo Guru Page login]"]]>
              </value>
            </param>
          </params>
          <reporter-output>
          </reporter-output>
        </test-method> <!-- runScenario -->
        <test-method is-config="true" signature="tearDownClass()[pri:0, instance:runnerfiles.TestRunner@3c22fc4c]" started-at="2021-12-14T23:33:54 IST" name="tearDownClass" finished-at="2021-12-14T23:33:54 IST" duration-ms="60" status="PASS">
          <reporter-output>
          </reporter-output>
        </test-method> <!-- tearDownClass -->
      </class> <!-- runnerfiles.TestRunner -->
    </test> <!-- Default test -->
  </suite> <!-- Default suite -->
</testng-results>
